8/14/2018 9:02:01 AM, Info: Initializing SIMPLSharp Services...
8/14/2018 9:02:01 AM, Info: ProjectInfo successfully initialized.
8/14/2018 9:14:34 AM, Info: Validating assembly E:\Crestron\SIMPL#\JSON\backandforth\backandforth\bin\Release\backandforth.dll...
8/14/2018 9:14:34 AM, Info: Verifying assembly E:\Crestron\SIMPL#\JSON\backandforth\backandforth\bin\Release\backandforth.dll
8/14/2018 9:14:34 AM, Info: Creating Archive E:\Crestron\SIMPL#\JSON\backandforth\backandforth\bin\Release\backandforth.clz...
8/14/2018 9:14:35 AM, Info: Saving project information...
8/14/2018 9:34:05 AM, Info: Validating assembly E:\Crestron\SIMPL#\JSON\backandforth\backandforth\bin\Release\backandforth.dll...
8/14/2018 9:34:05 AM, Info: Verifying assembly E:\Crestron\SIMPL#\JSON\backandforth\backandforth\bin\Release\backandforth.dll
8/14/2018 9:34:05 AM, Info: Creating Archive E:\Crestron\SIMPL#\JSON\backandforth\backandforth\bin\Release\backandforth.clz...
8/14/2018 9:34:06 AM, Info: Saving project information...
8/14/2018 9:38:51 AM, Info: Validating assembly E:\Crestron\SIMPL#\JSON\backandforth\backandforth\bin\Release\backandforth.dll...
8/14/2018 9:38:51 AM, Info: Verifying assembly E:\Crestron\SIMPL#\JSON\backandforth\backandforth\bin\Release\backandforth.dll
8/14/2018 9:38:51 AM, Info: Creating Archive E:\Crestron\SIMPL#\JSON\backandforth\backandforth\bin\Release\backandforth.clz...
8/14/2018 9:38:51 AM, Info: Saving project information...
8/14/2018 9:38:58 AM, Info: Validating assembly E:\Crestron\SIMPL#\JSON\backandforth\backandforth\bin\Release\backandforth.dll...
8/14/2018 9:38:58 AM, Info: Verifying assembly E:\Crestron\SIMPL#\JSON\backandforth\backandforth\bin\Release\backandforth.dll
8/14/2018 9:38:58 AM, Info: Creating Archive E:\Crestron\SIMPL#\JSON\backandforth\backandforth\bin\Release\backandforth.clz...
8/14/2018 9:38:58 AM, Info: Saving project information...
8/14/2018 9:41:12 AM, Info: Validating assembly E:\Crestron\SIMPL#\JSON\backandforth\backandforth\bin\Release\backandforth.dll...
8/14/2018 9:41:12 AM, Info: Verifying assembly E:\Crestron\SIMPL#\JSON\backandforth\backandforth\bin\Release\backandforth.dll
8/14/2018 9:41:13 AM, Info: Creating Archive E:\Crestron\SIMPL#\JSON\backandforth\backandforth\bin\Release\backandforth.clz...
8/14/2018 9:41:13 AM, Info: Saving project information...
8/14/2018 9:43:02 AM, Info: Validating assembly E:\Crestron\SIMPL#\JSON\backandforth\backandforth\bin\Release\backandforth.dll...
8/14/2018 9:43:02 AM, Info: Verifying assembly E:\Crestron\SIMPL#\JSON\backandforth\backandforth\bin\Release\backandforth.dll
8/14/2018 9:43:02 AM, Info: Creating Archive E:\Crestron\SIMPL#\JSON\backandforth\backandforth\bin\Release\backandforth.clz...
8/14/2018 9:43:02 AM, Info: Saving project information...
8/14/2018 9:43:41 AM, Info: Validating assembly E:\Crestron\SIMPL#\JSON\backandforth\backandforth\bin\Release\backandforth.dll...
8/14/2018 9:43:41 AM, Info: Verifying assembly E:\Crestron\SIMPL#\JSON\backandforth\backandforth\bin\Release\backandforth.dll
8/14/2018 9:43:41 AM, Info: Creating Archive E:\Crestron\SIMPL#\JSON\backandforth\backandforth\bin\Release\backandforth.clz...
8/14/2018 9:43:41 AM, Info: Saving project information...
8/14/2018 9:45:23 AM, Info: Validating assembly E:\Crestron\SIMPL#\JSON\backandforth\backandforth\bin\Release\backandforth.dll...
8/14/2018 9:45:23 AM, Info: Verifying assembly E:\Crestron\SIMPL#\JSON\backandforth\backandforth\bin\Release\backandforth.dll
8/14/2018 9:45:23 AM, Info: Creating Archive E:\Crestron\SIMPL#\JSON\backandforth\backandforth\bin\Release\backandforth.clz...
8/14/2018 9:45:23 AM, Info: Saving project information...
8/14/2018 9:46:00 AM, Info: Validating assembly E:\Crestron\SIMPL#\JSON\backandforth\backandforth\bin\Release\backandforth.dll...
8/14/2018 9:46:00 AM, Info: Verifying assembly E:\Crestron\SIMPL#\JSON\backandforth\backandforth\bin\Release\backandforth.dll
8/14/2018 9:46:00 AM, Info: Creating Archive E:\Crestron\SIMPL#\JSON\backandforth\backandforth\bin\Release\backandforth.clz...
8/14/2018 9:46:01 AM, Info: Saving project information...
8/14/2018 9:46:48 AM, Info: Validating assembly E:\Crestron\SIMPL#\JSON\backandforth\backandforth\bin\Release\backandforth.dll...
8/14/2018 9:46:48 AM, Info: Verifying assembly E:\Crestron\SIMPL#\JSON\backandforth\backandforth\bin\Release\backandforth.dll
8/14/2018 9:46:48 AM, Info: Creating Archive E:\Crestron\SIMPL#\JSON\backandforth\backandforth\bin\Release\backandforth.clz...
8/14/2018 9:46:48 AM, Info: Saving project information...
8/14/2018 9:47:44 AM, Info: Validating assembly E:\Crestron\SIMPL#\JSON\backandforth\backandforth\bin\Release\backandforth.dll...
8/14/2018 9:47:44 AM, Info: Verifying assembly E:\Crestron\SIMPL#\JSON\backandforth\backandforth\bin\Release\backandforth.dll
8/14/2018 9:47:44 AM, Info: Creating Archive E:\Crestron\SIMPL#\JSON\backandforth\backandforth\bin\Release\backandforth.clz...
8/14/2018 9:47:44 AM, Info: Saving project information...
8/14/2018 9:56:29 AM, Info: Validating assembly E:\Crestron\SIMPL#\JSON\backandforth\backandforth\bin\Release\backandforth.dll...
8/14/2018 9:56:29 AM, Info: Verifying assembly E:\Crestron\SIMPL#\JSON\backandforth\backandforth\bin\Release\backandforth.dll
8/14/2018 9:56:29 AM, Info: Creating Archive E:\Crestron\SIMPL#\JSON\backandforth\backandforth\bin\Release\backandforth.clz...
8/14/2018 9:56:29 AM, Info: Saving project information...
8/14/2018 9:58:24 AM, Info: Validating assembly E:\Crestron\SIMPL#\JSON\backandforth\backandforth\bin\Release\backandforth.dll...
8/14/2018 9:58:24 AM, Info: Verifying assembly E:\Crestron\SIMPL#\JSON\backandforth\backandforth\bin\Release\backandforth.dll
8/14/2018 9:58:25 AM, Info: Creating Archive E:\Crestron\SIMPL#\JSON\backandforth\backandforth\bin\Release\backandforth.clz...
8/14/2018 9:58:25 AM, Info: Saving project information...
8/14/2018 10:07:06 AM, Info: Validating assembly E:\Crestron\SIMPL#\JSON\backandforth\backandforth\bin\Release\backandforth.dll...
8/14/2018 10:07:06 AM, Info: Verifying assembly E:\Crestron\SIMPL#\JSON\backandforth\backandforth\bin\Release\backandforth.dll
8/14/2018 10:07:06 AM, Info: Creating Archive E:\Crestron\SIMPL#\JSON\backandforth\backandforth\bin\Release\backandforth.clz...
8/14/2018 10:07:06 AM, Info: Saving project information...
8/14/2018 10:14:48 AM, Info: Validating assembly E:\Crestron\SIMPL#\JSON\backandforth\backandforth\bin\Release\backandforth.dll...
8/14/2018 10:14:48 AM, Info: Verifying assembly E:\Crestron\SIMPL#\JSON\backandforth\backandforth\bin\Release\backandforth.dll
8/14/2018 10:14:48 AM, Info: Creating Archive E:\Crestron\SIMPL#\JSON\backandforth\backandforth\bin\Release\backandforth.clz...
8/14/2018 10:14:48 AM, Info: Saving project information...
8/14/2018 10:20:49 AM, Info: Validating assembly E:\Crestron\SIMPL#\JSON\backandforth\backandforth\bin\Release\backandforth.dll...
8/14/2018 10:20:50 AM, Info: Verifying assembly E:\Crestron\SIMPL#\JSON\backandforth\backandforth\bin\Release\backandforth.dll
8/14/2018 10:20:50 AM, Info: Creating Archive E:\Crestron\SIMPL#\JSON\backandforth\backandforth\bin\Release\backandforth.clz...
8/14/2018 10:20:50 AM, Info: Saving project information...
8/14/2018 10:25:27 AM, Info: Validating assembly E:\Crestron\SIMPL#\JSON\backandforth\backandforth\bin\Release\backandforth.dll...
8/14/2018 10:25:27 AM, Info: Verifying assembly E:\Crestron\SIMPL#\JSON\backandforth\backandforth\bin\Release\backandforth.dll
8/14/2018 10:25:27 AM, Info: Creating Archive E:\Crestron\SIMPL#\JSON\backandforth\backandforth\bin\Release\backandforth.clz...
8/14/2018 10:25:28 AM, Info: Saving project information...
8/14/2018 10:32:12 AM, Info: Validating assembly E:\Crestron\SIMPL#\JSON\backandforth\backandforth\bin\Release\backandforth.dll...
8/14/2018 10:32:12 AM, Info: Verifying assembly E:\Crestron\SIMPL#\JSON\backandforth\backandforth\bin\Release\backandforth.dll
8/14/2018 10:32:12 AM, Info: Creating Archive E:\Crestron\SIMPL#\JSON\backandforth\backandforth\bin\Release\backandforth.clz...
8/14/2018 10:32:12 AM, Info: Saving project information...
8/14/2018 10:32:15 AM, Info: Validating assembly E:\Crestron\SIMPL#\JSON\backandforth\backandforth\bin\Release\backandforth.dll...
8/14/2018 10:32:16 AM, Info: Verifying assembly E:\Crestron\SIMPL#\JSON\backandforth\backandforth\bin\Release\backandforth.dll
8/14/2018 10:32:16 AM, Info: Creating Archive E:\Crestron\SIMPL#\JSON\backandforth\backandforth\bin\Release\backandforth.clz...
8/14/2018 10:32:16 AM, Info: Saving project information...
8/14/2018 10:35:31 AM, Info: Validating assembly E:\Crestron\SIMPL#\JSON\backandforth\backandforth\bin\Release\backandforth.dll...
8/14/2018 10:35:31 AM, Info: Verifying assembly E:\Crestron\SIMPL#\JSON\backandforth\backandforth\bin\Release\backandforth.dll
8/14/2018 10:35:31 AM, Info: Creating Archive E:\Crestron\SIMPL#\JSON\backandforth\backandforth\bin\Release\backandforth.clz...
8/14/2018 10:35:31 AM, Info: Saving project information...
8/14/2018 10:37:09 AM, Info: Validating assembly E:\Crestron\SIMPL#\JSON\backandforth\backandforth\bin\Release\backandforth.dll...
8/14/2018 10:37:09 AM, Info: Verifying assembly E:\Crestron\SIMPL#\JSON\backandforth\backandforth\bin\Release\backandforth.dll
8/14/2018 10:37:09 AM, Info: Creating Archive E:\Crestron\SIMPL#\JSON\backandforth\backandforth\bin\Release\backandforth.clz...
8/14/2018 10:37:09 AM, Info: Saving project information...
8/14/2018 11:15:06 AM, Info: Validating assembly E:\Crestron\SIMPL#\JSON\backandforth\backandforth\bin\Release\backandforth.dll...
8/14/2018 11:15:06 AM, Info: Verifying assembly E:\Crestron\SIMPL#\JSON\backandforth\backandforth\bin\Release\backandforth.dll
8/14/2018 11:15:06 AM, Info: Creating Archive E:\Crestron\SIMPL#\JSON\backandforth\backandforth\bin\Release\backandforth.clz...
8/14/2018 11:15:06 AM, Info: Saving project information...
8/14/2018 11:26:15 AM, Info: Validating assembly E:\Crestron\SIMPL#\JSON\backandforth\backandforth\bin\Release\backandforth.dll...
8/14/2018 11:26:15 AM, Info: Verifying assembly E:\Crestron\SIMPL#\JSON\backandforth\backandforth\bin\Release\backandforth.dll
8/14/2018 11:26:15 AM, Info: Creating Archive E:\Crestron\SIMPL#\JSON\backandforth\backandforth\bin\Release\backandforth.clz...
8/14/2018 11:26:15 AM, Info: Saving project information...
8/14/2018 11:29:42 AM, Info: Validating assembly E:\Crestron\SIMPL#\JSON\backandforth\backandforth\bin\Release\backandforth.dll...
8/14/2018 11:29:42 AM, Info: Verifying assembly E:\Crestron\SIMPL#\JSON\backandforth\backandforth\bin\Release\backandforth.dll
8/14/2018 11:29:42 AM, Info: Creating Archive E:\Crestron\SIMPL#\JSON\backandforth\backandforth\bin\Release\backandforth.clz...
8/14/2018 11:29:42 AM, Info: Saving project information...
8/14/2018 11:41:29 AM, Info: Validating assembly E:\Crestron\SIMPL#\JSON\backandforth\backandforth\bin\Release\backandforth.dll...
8/14/2018 11:41:29 AM, Info: Verifying assembly E:\Crestron\SIMPL#\JSON\backandforth\backandforth\bin\Release\backandforth.dll
8/14/2018 11:41:29 AM, Info: Creating Archive E:\Crestron\SIMPL#\JSON\backandforth\backandforth\bin\Release\backandforth.clz...
8/14/2018 11:41:29 AM, Info: Saving project information...
8/14/2018 11:43:14 AM, Info: Validating assembly E:\Crestron\SIMPL#\JSON\backandforth\backandforth\bin\Release\backandforth.dll...
8/14/2018 11:43:14 AM, Info: Verifying assembly E:\Crestron\SIMPL#\JSON\backandforth\backandforth\bin\Release\backandforth.dll
8/14/2018 11:43:14 AM, Info: Creating Archive E:\Crestron\SIMPL#\JSON\backandforth\backandforth\bin\Release\backandforth.clz...
8/14/2018 11:43:14 AM, Info: Saving project information...
8/14/2018 11:47:18 AM, Info: Validating assembly E:\Crestron\SIMPL#\JSON\backandforth\backandforth\bin\Release\backandforth.dll...
8/14/2018 11:47:18 AM, Info: Verifying assembly E:\Crestron\SIMPL#\JSON\backandforth\backandforth\bin\Release\backandforth.dll
8/14/2018 11:47:18 AM, Info: Creating Archive E:\Crestron\SIMPL#\JSON\backandforth\backandforth\bin\Release\backandforth.clz...
8/14/2018 11:47:18 AM, Info: Saving project information...
8/14/2018 11:47:26 AM, Info: Validating assembly E:\Crestron\SIMPL#\JSON\backandforth\backandforth\bin\Release\backandforth.dll...
8/14/2018 11:47:26 AM, Info: Verifying assembly E:\Crestron\SIMPL#\JSON\backandforth\backandforth\bin\Release\backandforth.dll
8/14/2018 11:47:26 AM, Info: Creating Archive E:\Crestron\SIMPL#\JSON\backandforth\backandforth\bin\Release\backandforth.clz...
8/14/2018 11:47:26 AM, Info: Saving project information...
8/14/2018 11:52:00 AM, Info: Validating assembly E:\Crestron\SIMPL#\JSON\backandforth\backandforth\bin\Release\backandforth.dll...
8/14/2018 11:52:00 AM, Info: Verifying assembly E:\Crestron\SIMPL#\JSON\backandforth\backandforth\bin\Release\backandforth.dll
8/14/2018 11:52:00 AM, Info: Creating Archive E:\Crestron\SIMPL#\JSON\backandforth\backandforth\bin\Release\backandforth.clz...
8/14/2018 11:52:00 AM, Info: Saving project information...
8/14/2018 11:55:07 AM, Info: Validating assembly E:\Crestron\SIMPL#\JSON\backandforth\backandforth\bin\Release\backandforth.dll...
8/14/2018 11:55:07 AM, Info: Verifying assembly E:\Crestron\SIMPL#\JSON\backandforth\backandforth\bin\Release\backandforth.dll
8/14/2018 11:55:07 AM, Info: Creating Archive E:\Crestron\SIMPL#\JSON\backandforth\backandforth\bin\Release\backandforth.clz...
8/14/2018 11:55:07 AM, Info: Saving project information...
8/14/2018 12:06:25 PM, Info: Validating assembly E:\Crestron\SIMPL#\JSON\backandforth\backandforth\bin\Release\backandforth.dll...
8/14/2018 12:06:25 PM, Info: Verifying assembly E:\Crestron\SIMPL#\JSON\backandforth\backandforth\bin\Release\backandforth.dll
8/14/2018 12:06:25 PM, Info: Creating Archive E:\Crestron\SIMPL#\JSON\backandforth\backandforth\bin\Release\backandforth.clz...
8/14/2018 12:06:25 PM, Info: Saving project information...
8/14/2018 12:11:32 PM, Info: Validating assembly E:\Crestron\SIMPL#\JSON\backandforth\backandforth\bin\Release\backandforth.dll...
8/14/2018 12:11:32 PM, Info: Verifying assembly E:\Crestron\SIMPL#\JSON\backandforth\backandforth\bin\Release\backandforth.dll
8/14/2018 12:11:32 PM, Info: Creating Archive E:\Crestron\SIMPL#\JSON\backandforth\backandforth\bin\Release\backandforth.clz...
8/14/2018 12:11:32 PM, Info: Saving project information...
8/14/2018 12:24:29 PM, Info: Validating assembly E:\Crestron\SIMPL#\JSON\backandforth\backandforth\bin\Release\backandforth.dll...
8/14/2018 12:24:29 PM, Info: Verifying assembly E:\Crestron\SIMPL#\JSON\backandforth\backandforth\bin\Release\backandforth.dll
8/14/2018 12:24:29 PM, Info: Creating Archive E:\Crestron\SIMPL#\JSON\backandforth\backandforth\bin\Release\backandforth.clz...
8/14/2018 12:24:29 PM, Info: Saving project information...
8/14/2018 12:29:42 PM, Info: Validating assembly E:\Crestron\SIMPL#\JSON\backandforth\backandforth\bin\Release\backandforth.dll...
8/14/2018 12:29:42 PM, Info: Verifying assembly E:\Crestron\SIMPL#\JSON\backandforth\backandforth\bin\Release\backandforth.dll
8/14/2018 12:29:42 PM, Info: Creating Archive E:\Crestron\SIMPL#\JSON\backandforth\backandforth\bin\Release\backandforth.clz...
8/14/2018 12:29:42 PM, Info: Saving project information...
8/14/2018 12:34:44 PM, Info: Validating assembly E:\Crestron\SIMPL#\JSON\backandforth\backandforth\bin\Release\backandforth.dll...
8/14/2018 12:34:44 PM, Info: Verifying assembly E:\Crestron\SIMPL#\JSON\backandforth\backandforth\bin\Release\backandforth.dll
8/14/2018 12:34:44 PM, Info: Creating Archive E:\Crestron\SIMPL#\JSON\backandforth\backandforth\bin\Release\backandforth.clz...
8/14/2018 12:34:44 PM, Info: Saving project information...
8/14/2018 12:41:00 PM, Info: Validating assembly E:\Crestron\SIMPL#\JSON\backandforth\backandforth\bin\Release\backandforth.dll...
8/14/2018 12:41:00 PM, Info: Verifying assembly E:\Crestron\SIMPL#\JSON\backandforth\backandforth\bin\Release\backandforth.dll
8/14/2018 12:41:00 PM, Info: Creating Archive E:\Crestron\SIMPL#\JSON\backandforth\backandforth\bin\Release\backandforth.clz...
8/14/2018 12:41:00 PM, Info: Saving project information...
8/14/2018 12:41:27 PM, Info: Validating assembly E:\Crestron\SIMPL#\JSON\backandforth\backandforth\bin\Release\backandforth.dll...
8/14/2018 12:41:27 PM, Info: Verifying assembly E:\Crestron\SIMPL#\JSON\backandforth\backandforth\bin\Release\backandforth.dll
8/14/2018 12:41:27 PM, Info: Creating Archive E:\Crestron\SIMPL#\JSON\backandforth\backandforth\bin\Release\backandforth.clz...
8/14/2018 12:41:27 PM, Info: Saving project information...
8/14/2018 12:44:05 PM, Info: Validating assembly E:\Crestron\SIMPL#\JSON\backandforth\backandforth\bin\Release\backandforth.dll...
8/14/2018 12:44:05 PM, Info: Verifying assembly E:\Crestron\SIMPL#\JSON\backandforth\backandforth\bin\Release\backandforth.dll
8/14/2018 12:44:05 PM, Info: Creating Archive E:\Crestron\SIMPL#\JSON\backandforth\backandforth\bin\Release\backandforth.clz...
8/14/2018 12:44:05 PM, Info: Saving project information...
8/14/2018 12:45:18 PM, Info: Validating assembly E:\Crestron\SIMPL#\JSON\backandforth\backandforth\bin\Release\backandforth.dll...
8/14/2018 12:45:18 PM, Info: Verifying assembly E:\Crestron\SIMPL#\JSON\backandforth\backandforth\bin\Release\backandforth.dll
8/14/2018 12:45:18 PM, Info: Creating Archive E:\Crestron\SIMPL#\JSON\backandforth\backandforth\bin\Release\backandforth.clz...
8/14/2018 12:45:18 PM, Info: Saving project information...
8/14/2018 12:50:33 PM, Info: Validating assembly E:\Crestron\SIMPL#\JSON\backandforth\backandforth\bin\Release\backandforth.dll...
8/14/2018 12:50:34 PM, Info: Verifying assembly E:\Crestron\SIMPL#\JSON\backandforth\backandforth\bin\Release\backandforth.dll
8/14/2018 12:50:34 PM, Info: Creating Archive E:\Crestron\SIMPL#\JSON\backandforth\backandforth\bin\Release\backandforth.clz...
8/14/2018 12:50:34 PM, Info: Saving project information...
8/14/2018 12:53:08 PM, Info: Validating assembly E:\Crestron\SIMPL#\JSON\backandforth\backandforth\bin\Release\backandforth.dll...
8/14/2018 12:53:08 PM, Info: Verifying assembly E:\Crestron\SIMPL#\JSON\backandforth\backandforth\bin\Release\backandforth.dll
8/14/2018 12:53:08 PM, Info: Creating Archive E:\Crestron\SIMPL#\JSON\backandforth\backandforth\bin\Release\backandforth.clz...
8/14/2018 12:53:08 PM, Info: Saving project information...
8/14/2018 1:03:14 PM, Info: Validating assembly E:\Crestron\SIMPL#\JSON\backandforth\backandforth\bin\Release\backandforth.dll...
8/14/2018 1:03:14 PM, Info: Verifying assembly E:\Crestron\SIMPL#\JSON\backandforth\backandforth\bin\Release\backandforth.dll
8/14/2018 1:03:15 PM, Info: Creating Archive E:\Crestron\SIMPL#\JSON\backandforth\backandforth\bin\Release\backandforth.clz...
8/14/2018 1:03:15 PM, Info: Saving project information...
8/14/2018 4:09:11 PM, Info: Terminating SIMPLSharp Services
