8/8/2018 9:03:33 AM, Info: Initializing SIMPLSharp Services...
8/8/2018 9:03:33 AM, Info: ProjectInfo successfully initialized.
8/8/2018 9:03:34 AM, Info: Saving project information...
8/8/2018 9:03:34 AM, Info: Saving project information...
8/8/2018 9:03:34 AM, Info: Saving project information...
8/8/2018 9:03:34 AM, Info: Saving project information...
8/8/2018 9:03:34 AM, Info: Saving project information...
8/8/2018 9:03:34 AM, Info: Saving project information...
8/8/2018 9:21:03 AM, Info: Validating assembly E:\Crestron\SIMPL#\JSON\backandforth\backandforth\bin\Debug\backandforth.dll...
8/8/2018 9:21:03 AM, Info: Verifying assembly E:\Crestron\SIMPL#\JSON\backandforth\backandforth\bin\Debug\backandforth.dll
8/8/2018 9:21:03 AM, Info: Creating Archive E:\Crestron\SIMPL#\JSON\backandforth\backandforth\bin\Debug\backandforth.clz...
8/8/2018 9:21:03 AM, Info: Saving project information...
8/8/2018 9:25:00 AM, Info: Validating assembly E:\Crestron\SIMPL#\JSON\backandforth\backandforth\bin\Debug\backandforth.dll...
8/8/2018 9:25:00 AM, Info: Verifying assembly E:\Crestron\SIMPL#\JSON\backandforth\backandforth\bin\Debug\backandforth.dll
8/8/2018 9:25:00 AM, Info: Creating Archive E:\Crestron\SIMPL#\JSON\backandforth\backandforth\bin\Debug\backandforth.clz...
8/8/2018 9:25:00 AM, Info: Saving project information...
8/8/2018 9:30:56 AM, Info: Validating assembly E:\Crestron\SIMPL#\JSON\backandforth\backandforth\bin\Debug\backandforth.dll...
8/8/2018 9:30:56 AM, Info: Verifying assembly E:\Crestron\SIMPL#\JSON\backandforth\backandforth\bin\Debug\backandforth.dll
8/8/2018 9:32:45 AM, Info: Saving project information...
8/8/2018 9:32:45 AM, Info: Saving project information...
8/8/2018 9:32:45 AM, Info: Saving project information...
8/8/2018 9:37:45 AM, Info: Saving project information...
8/8/2018 9:37:45 AM, Info: Saving project information...
8/8/2018 9:37:45 AM, Info: Saving project information...
8/8/2018 9:42:45 AM, Info: Saving project information...
8/8/2018 9:42:45 AM, Info: Saving project information...
8/8/2018 9:42:45 AM, Info: Saving project information...
8/8/2018 9:44:12 AM, Info: Saving project information...
8/8/2018 9:44:12 AM, Info: Saving project information...
8/8/2018 9:44:12 AM, Info: Saving project information...
8/8/2018 9:44:12 AM, Info: Saving project information...
8/8/2018 9:44:12 AM, Info: Saving project information...
8/8/2018 9:44:12 AM, Info: Saving project information...
8/8/2018 9:44:13 AM, Info: Validating assembly E:\Crestron\SIMPL#\JSON\backandforth\backandforth\bin\Debug\backandforth.dll...
8/8/2018 9:44:13 AM, Info: Verifying assembly E:\Crestron\SIMPL#\JSON\backandforth\backandforth\bin\Debug\backandforth.dll
8/8/2018 9:46:55 AM, Info: Saving project information...
8/8/2018 9:46:55 AM, Info: Saving project information...
8/8/2018 9:46:55 AM, Info: Saving project information...
8/8/2018 9:46:55 AM, Info: Saving project information...
8/8/2018 9:46:55 AM, Info: Saving project information...
8/8/2018 9:46:55 AM, Info: Saving project information...
8/8/2018 9:46:56 AM, Info: Terminating SIMPLSharp Services
