8/10/2018 9:05:19 AM, Info: Initializing SIMPLSharp Services...
8/10/2018 9:05:19 AM, Info: ProjectInfo successfully initialized.
8/10/2018 9:14:11 AM, Info: Validating assembly E:\Crestron\SIMPL#\JSON\backandforth\backandforth\bin\Debug\backandforth.dll...
8/10/2018 9:14:12 AM, Info: Verifying assembly E:\Crestron\SIMPL#\JSON\backandforth\backandforth\bin\Debug\backandforth.dll
8/10/2018 9:15:11 AM, Info: Saving project information...
8/10/2018 9:15:11 AM, Info: Saving project information...
8/10/2018 9:15:11 AM, Info: Saving project information...
8/10/2018 9:20:11 AM, Info: Saving project information...
8/10/2018 9:20:11 AM, Info: Saving project information...
8/10/2018 9:20:11 AM, Info: Saving project information...
8/10/2018 9:25:11 AM, Info: Saving project information...
8/10/2018 9:25:11 AM, Info: Saving project information...
8/10/2018 9:25:11 AM, Info: Saving project information...
8/10/2018 9:30:11 AM, Info: Saving project information...
8/10/2018 9:30:11 AM, Info: Saving project information...
8/10/2018 9:30:11 AM, Info: Saving project information...
8/10/2018 9:35:11 AM, Info: Saving project information...
8/10/2018 9:35:11 AM, Info: Saving project information...
8/10/2018 9:35:11 AM, Info: Saving project information...
8/10/2018 9:40:11 AM, Info: Saving project information...
8/10/2018 9:40:11 AM, Info: Saving project information...
8/10/2018 9:40:11 AM, Info: Saving project information...
8/10/2018 9:45:11 AM, Info: Saving project information...
8/10/2018 9:45:11 AM, Info: Saving project information...
8/10/2018 9:45:11 AM, Info: Saving project information...
8/10/2018 9:45:30 AM, Info: Saving project information...
8/10/2018 9:45:30 AM, Info: Saving project information...
8/10/2018 9:45:30 AM, Info: Saving project information...
8/10/2018 9:45:30 AM, Info: Saving project information...
8/10/2018 9:45:30 AM, Info: Saving project information...
8/10/2018 9:45:30 AM, Info: Saving project information...
8/10/2018 9:45:30 AM, Info: Validating assembly E:\Crestron\SIMPL#\JSON\backandforth\backandforth\bin\Debug\backandforth.dll...
8/10/2018 9:45:30 AM, Info: Verifying assembly E:\Crestron\SIMPL#\JSON\backandforth\backandforth\bin\Debug\backandforth.dll
8/10/2018 9:50:11 AM, Info: Saving project information...
8/10/2018 9:50:11 AM, Info: Saving project information...
8/10/2018 9:50:11 AM, Info: Saving project information...
8/10/2018 9:55:11 AM, Info: Saving project information...
8/10/2018 9:55:11 AM, Info: Saving project information...
8/10/2018 9:55:11 AM, Info: Saving project information...
8/10/2018 10:00:11 AM, Info: Saving project information...
8/10/2018 10:00:11 AM, Info: Saving project information...
8/10/2018 10:00:11 AM, Info: Saving project information...
8/10/2018 10:04:47 AM, Info: Saving project information...
8/10/2018 10:04:47 AM, Info: Saving project information...
8/10/2018 10:04:47 AM, Info: Saving project information...
8/10/2018 10:04:47 AM, Info: Saving project information...
8/10/2018 10:04:47 AM, Info: Saving project information...
8/10/2018 10:04:47 AM, Info: Saving project information...
8/10/2018 10:04:48 AM, Info: Validating assembly E:\Crestron\SIMPL#\JSON\backandforth\backandforth\bin\Debug\backandforth.dll...
8/10/2018 10:04:48 AM, Info: Verifying assembly E:\Crestron\SIMPL#\JSON\backandforth\backandforth\bin\Debug\backandforth.dll
8/10/2018 10:05:11 AM, Info: Saving project information...
8/10/2018 10:05:11 AM, Info: Saving project information...
8/10/2018 10:05:11 AM, Info: Saving project information...
8/10/2018 10:10:11 AM, Info: Saving project information...
8/10/2018 10:10:11 AM, Info: Saving project information...
8/10/2018 10:10:11 AM, Info: Saving project information...
8/10/2018 10:15:11 AM, Info: Saving project information...
8/10/2018 10:15:11 AM, Info: Saving project information...
8/10/2018 10:15:11 AM, Info: Saving project information...
8/10/2018 10:20:11 AM, Info: Saving project information...
8/10/2018 10:20:11 AM, Info: Saving project information...
8/10/2018 10:20:11 AM, Info: Saving project information...
8/10/2018 10:25:11 AM, Info: Saving project information...
8/10/2018 10:25:11 AM, Info: Saving project information...
8/10/2018 10:25:11 AM, Info: Saving project information...
8/10/2018 10:30:11 AM, Info: Saving project information...
8/10/2018 10:30:11 AM, Info: Saving project information...
8/10/2018 10:30:11 AM, Info: Saving project information...
8/10/2018 10:35:11 AM, Info: Saving project information...
8/10/2018 10:35:11 AM, Info: Saving project information...
8/10/2018 10:35:11 AM, Info: Saving project information...
8/10/2018 10:40:11 AM, Info: Saving project information...
8/10/2018 10:40:11 AM, Info: Saving project information...
8/10/2018 10:40:11 AM, Info: Saving project information...
8/10/2018 10:45:11 AM, Info: Saving project information...
8/10/2018 10:45:11 AM, Info: Saving project information...
8/10/2018 10:45:11 AM, Info: Saving project information...
8/10/2018 10:50:11 AM, Info: Saving project information...
8/10/2018 10:50:11 AM, Info: Saving project information...
8/10/2018 10:50:11 AM, Info: Saving project information...
8/10/2018 10:55:11 AM, Info: Saving project information...
8/10/2018 10:55:11 AM, Info: Saving project information...
8/10/2018 10:55:11 AM, Info: Saving project information...
8/10/2018 11:00:11 AM, Info: Saving project information...
8/10/2018 11:00:11 AM, Info: Saving project information...
8/10/2018 11:00:11 AM, Info: Saving project information...
8/10/2018 11:05:11 AM, Info: Saving project information...
8/10/2018 11:05:11 AM, Info: Saving project information...
8/10/2018 11:05:11 AM, Info: Saving project information...
8/10/2018 11:07:35 AM, Info: Saving project information...
8/10/2018 11:07:35 AM, Info: Saving project information...
8/10/2018 11:07:35 AM, Info: Saving project information...
8/10/2018 11:07:35 AM, Info: Saving project information...
8/10/2018 11:07:35 AM, Info: Saving project information...
8/10/2018 11:07:35 AM, Info: Saving project information...
8/10/2018 11:07:36 AM, Info: Terminating SIMPLSharp Services
