8/13/2018 11:19:17 AM, Info: Initializing SIMPLSharp Services...
8/13/2018 11:19:18 AM, Info: ProjectInfo successfully initialized.
8/13/2018 11:20:53 AM, Info: Validating assembly E:\Crestron\SIMPL#\JSON\backandforth\backandforth\bin\Debug\backandforth.dll...
8/13/2018 11:20:53 AM, Info: Verifying assembly E:\Crestron\SIMPL#\JSON\backandforth\backandforth\bin\Debug\backandforth.dll
8/13/2018 11:22:52 AM, Info: Saving project information...
8/13/2018 11:22:52 AM, Info: Saving project information...
8/13/2018 11:22:52 AM, Info: Saving project information...
8/13/2018 11:22:52 AM, Info: Saving project information...
8/13/2018 11:22:52 AM, Info: Saving project information...
8/13/2018 11:22:52 AM, Info: Saving project information...
8/13/2018 11:22:52 AM, Info: Validating assembly E:\Crestron\SIMPL#\JSON\backandforth\backandforth\bin\Debug\backandforth.dll...
8/13/2018 11:22:52 AM, Info: Verifying assembly E:\Crestron\SIMPL#\JSON\backandforth\backandforth\bin\Debug\backandforth.dll
8/13/2018 11:24:07 AM, Info: Saving project information...
8/13/2018 11:24:07 AM, Info: Saving project information...
8/13/2018 11:24:07 AM, Info: Saving project information...
8/13/2018 11:24:07 AM, Info: Saving project information...
8/13/2018 11:24:07 AM, Info: Saving project information...
8/13/2018 11:24:07 AM, Info: Saving project information...
8/13/2018 11:24:17 AM, Info: Validating assembly E:\Crestron\SIMPL#\JSON\backandforth\backandforth\bin\Debug\backandforth.dll...
8/13/2018 11:24:17 AM, Info: Verifying assembly E:\Crestron\SIMPL#\JSON\backandforth\backandforth\bin\Debug\backandforth.dll
8/13/2018 11:26:21 AM, Info: Validating assembly E:\Crestron\SIMPL#\JSON\backandforth\backandforth\bin\Debug\backandforth.dll...
8/13/2018 11:26:21 AM, Info: Verifying assembly E:\Crestron\SIMPL#\JSON\backandforth\backandforth\bin\Debug\backandforth.dll
8/13/2018 11:26:47 AM, Info: Saving project information...
8/13/2018 11:26:47 AM, Info: Saving project information...
8/13/2018 11:26:47 AM, Info: Saving project information...
8/13/2018 11:26:47 AM, Info: Saving project information...
8/13/2018 11:26:47 AM, Info: Saving project information...
8/13/2018 11:26:47 AM, Info: Saving project information...
8/13/2018 11:26:47 AM, Info: Validating assembly E:\Crestron\SIMPL#\JSON\backandforth\backandforth\bin\Debug\backandforth.dll...
8/13/2018 11:26:47 AM, Info: Verifying assembly E:\Crestron\SIMPL#\JSON\backandforth\backandforth\bin\Debug\backandforth.dll
8/13/2018 11:28:40 AM, Info: Saving project information...
8/13/2018 11:28:40 AM, Info: Saving project information...
8/13/2018 11:28:40 AM, Info: Saving project information...
8/13/2018 11:28:40 AM, Info: Saving project information...
8/13/2018 11:28:40 AM, Info: Saving project information...
8/13/2018 11:28:40 AM, Info: Saving project information...
8/13/2018 11:28:41 AM, Info: Validating assembly E:\Crestron\SIMPL#\JSON\backandforth\backandforth\bin\Release\backandforth.dll...
8/13/2018 11:28:41 AM, Info: Verifying assembly E:\Crestron\SIMPL#\JSON\backandforth\backandforth\bin\Release\backandforth.dll
8/13/2018 11:28:41 AM, Info: Creating Archive E:\Crestron\SIMPL#\JSON\backandforth\backandforth\bin\Release\backandforth.clz...
8/13/2018 11:28:41 AM, Info: Saving project information...
8/13/2018 11:29:20 AM, Info: Saving project information...
8/13/2018 11:29:20 AM, Info: Saving project information...
8/13/2018 11:29:20 AM, Info: Saving project information...
8/13/2018 11:29:20 AM, Info: Saving project information...
8/13/2018 11:29:20 AM, Info: Saving project information...
8/13/2018 11:29:20 AM, Info: Saving project information...
8/13/2018 11:29:23 AM, Info: Validating assembly E:\Crestron\SIMPL#\JSON\backandforth\backandforth\bin\Release\backandforth.dll...
8/13/2018 11:29:23 AM, Info: Verifying assembly E:\Crestron\SIMPL#\JSON\backandforth\backandforth\bin\Release\backandforth.dll
8/13/2018 11:29:23 AM, Info: Creating Archive E:\Crestron\SIMPL#\JSON\backandforth\backandforth\bin\Release\backandforth.clz...
8/13/2018 11:29:23 AM, Info: Saving project information...
8/13/2018 11:53:21 AM, Info: Validating assembly E:\Crestron\SIMPL#\JSON\backandforth\backandforth\bin\Release\backandforth.dll...
8/13/2018 11:53:21 AM, Info: Verifying assembly E:\Crestron\SIMPL#\JSON\backandforth\backandforth\bin\Release\backandforth.dll
8/13/2018 11:53:21 AM, Info: Creating Archive E:\Crestron\SIMPL#\JSON\backandforth\backandforth\bin\Release\backandforth.clz...
8/13/2018 11:53:21 AM, Info: Saving project information...
8/13/2018 11:54:27 AM, Info: Validating assembly E:\Crestron\SIMPL#\JSON\backandforth\backandforth\bin\Release\backandforth.dll...
8/13/2018 11:54:27 AM, Info: Verifying assembly E:\Crestron\SIMPL#\JSON\backandforth\backandforth\bin\Release\backandforth.dll
8/13/2018 11:54:27 AM, Info: Creating Archive E:\Crestron\SIMPL#\JSON\backandforth\backandforth\bin\Release\backandforth.clz...
8/13/2018 11:54:28 AM, Info: Saving project information...
8/13/2018 12:03:07 PM, Info: Validating assembly E:\Crestron\SIMPL#\JSON\backandforth\backandforth\bin\Release\backandforth.dll...
8/13/2018 12:03:07 PM, Info: Verifying assembly E:\Crestron\SIMPL#\JSON\backandforth\backandforth\bin\Release\backandforth.dll
8/13/2018 12:03:07 PM, Info: Creating Archive E:\Crestron\SIMPL#\JSON\backandforth\backandforth\bin\Release\backandforth.clz...
8/13/2018 12:03:07 PM, Info: Saving project information...
8/13/2018 12:03:19 PM, Info: Validating assembly E:\Crestron\SIMPL#\JSON\backandforth\backandforth\bin\Release\backandforth.dll...
8/13/2018 12:03:19 PM, Info: Verifying assembly E:\Crestron\SIMPL#\JSON\backandforth\backandforth\bin\Release\backandforth.dll
8/13/2018 12:03:19 PM, Info: Creating Archive E:\Crestron\SIMPL#\JSON\backandforth\backandforth\bin\Release\backandforth.clz...
8/13/2018 12:03:19 PM, Info: Saving project information...
8/13/2018 12:09:21 PM, Info: Validating assembly E:\Crestron\SIMPL#\JSON\backandforth\backandforth\bin\Release\backandforth.dll...
8/13/2018 12:09:21 PM, Info: Verifying assembly E:\Crestron\SIMPL#\JSON\backandforth\backandforth\bin\Release\backandforth.dll
8/13/2018 12:09:21 PM, Info: Creating Archive E:\Crestron\SIMPL#\JSON\backandforth\backandforth\bin\Release\backandforth.clz...
8/13/2018 12:09:21 PM, Info: Saving project information...
8/13/2018 12:34:58 PM, Info: Validating assembly E:\Crestron\SIMPL#\JSON\backandforth\backandforth\bin\Release\backandforth.dll...
8/13/2018 12:34:58 PM, Info: Verifying assembly E:\Crestron\SIMPL#\JSON\backandforth\backandforth\bin\Release\backandforth.dll
8/13/2018 12:34:58 PM, Info: Creating Archive E:\Crestron\SIMPL#\JSON\backandforth\backandforth\bin\Release\backandforth.clz...
8/13/2018 12:34:58 PM, Info: Saving project information...
8/13/2018 12:39:18 PM, Info: Validating assembly E:\Crestron\SIMPL#\JSON\backandforth\backandforth\bin\Release\backandforth.dll...
8/13/2018 12:39:18 PM, Info: Verifying assembly E:\Crestron\SIMPL#\JSON\backandforth\backandforth\bin\Release\backandforth.dll
8/13/2018 12:39:18 PM, Info: Creating Archive E:\Crestron\SIMPL#\JSON\backandforth\backandforth\bin\Release\backandforth.clz...
8/13/2018 12:39:19 PM, Info: Saving project information...
8/13/2018 12:44:42 PM, Info: Validating assembly E:\Crestron\SIMPL#\JSON\backandforth\backandforth\bin\Release\backandforth.dll...
8/13/2018 12:44:42 PM, Info: Verifying assembly E:\Crestron\SIMPL#\JSON\backandforth\backandforth\bin\Release\backandforth.dll
8/13/2018 12:44:42 PM, Info: Creating Archive E:\Crestron\SIMPL#\JSON\backandforth\backandforth\bin\Release\backandforth.clz...
8/13/2018 12:44:42 PM, Info: Saving project information...
8/13/2018 12:53:29 PM, Info: Validating assembly E:\Crestron\SIMPL#\JSON\backandforth\backandforth\bin\Release\backandforth.dll...
8/13/2018 12:53:29 PM, Info: Verifying assembly E:\Crestron\SIMPL#\JSON\backandforth\backandforth\bin\Release\backandforth.dll
8/13/2018 12:53:29 PM, Info: Creating Archive E:\Crestron\SIMPL#\JSON\backandforth\backandforth\bin\Release\backandforth.clz...
8/13/2018 12:53:29 PM, Info: Saving project information...
8/13/2018 1:21:14 PM, Info: Validating assembly E:\Crestron\SIMPL#\JSON\backandforth\backandforth\bin\Release\backandforth.dll...
8/13/2018 1:21:14 PM, Info: Verifying assembly E:\Crestron\SIMPL#\JSON\backandforth\backandforth\bin\Release\backandforth.dll
8/13/2018 1:21:14 PM, Info: Creating Archive E:\Crestron\SIMPL#\JSON\backandforth\backandforth\bin\Release\backandforth.clz...
8/13/2018 1:21:14 PM, Info: Saving project information...
8/13/2018 1:22:47 PM, Info: Validating assembly E:\Crestron\SIMPL#\JSON\backandforth\backandforth\bin\Release\backandforth.dll...
8/13/2018 1:22:47 PM, Info: Verifying assembly E:\Crestron\SIMPL#\JSON\backandforth\backandforth\bin\Release\backandforth.dll
8/13/2018 1:22:47 PM, Info: Creating Archive E:\Crestron\SIMPL#\JSON\backandforth\backandforth\bin\Release\backandforth.clz...
8/13/2018 1:22:47 PM, Info: Saving project information...
8/13/2018 1:23:04 PM, Info: Validating assembly E:\Crestron\SIMPL#\JSON\backandforth\backandforth\bin\Release\backandforth.dll...
8/13/2018 1:23:04 PM, Info: Verifying assembly E:\Crestron\SIMPL#\JSON\backandforth\backandforth\bin\Release\backandforth.dll
8/13/2018 1:23:04 PM, Info: Creating Archive E:\Crestron\SIMPL#\JSON\backandforth\backandforth\bin\Release\backandforth.clz...
8/13/2018 1:23:04 PM, Info: Saving project information...
8/13/2018 2:49:42 PM, Info: Validating assembly E:\Crestron\SIMPL#\JSON\backandforth\backandforth\bin\Release\backandforth.dll...
8/13/2018 2:49:42 PM, Info: Verifying assembly E:\Crestron\SIMPL#\JSON\backandforth\backandforth\bin\Release\backandforth.dll
8/13/2018 2:49:42 PM, Info: Creating Archive E:\Crestron\SIMPL#\JSON\backandforth\backandforth\bin\Release\backandforth.clz...
8/13/2018 2:49:42 PM, Info: Saving project information...
8/13/2018 2:51:00 PM, Info: Validating assembly E:\Crestron\SIMPL#\JSON\backandforth\backandforth\bin\Release\backandforth.dll...
8/13/2018 2:51:00 PM, Info: Verifying assembly E:\Crestron\SIMPL#\JSON\backandforth\backandforth\bin\Release\backandforth.dll
8/13/2018 2:51:00 PM, Info: Creating Archive E:\Crestron\SIMPL#\JSON\backandforth\backandforth\bin\Release\backandforth.clz...
8/13/2018 2:51:00 PM, Info: Saving project information...
8/13/2018 3:08:41 PM, Info: Validating assembly E:\Crestron\SIMPL#\JSON\backandforth\backandforth\bin\Release\backandforth.dll...
8/13/2018 3:08:41 PM, Info: Verifying assembly E:\Crestron\SIMPL#\JSON\backandforth\backandforth\bin\Release\backandforth.dll
8/13/2018 3:08:41 PM, Info: Creating Archive E:\Crestron\SIMPL#\JSON\backandforth\backandforth\bin\Release\backandforth.clz...
8/13/2018 3:08:41 PM, Info: Saving project information...
8/13/2018 3:09:21 PM, Info: Validating assembly E:\Crestron\SIMPL#\JSON\backandforth\backandforth\bin\Release\backandforth.dll...
8/13/2018 3:09:21 PM, Info: Verifying assembly E:\Crestron\SIMPL#\JSON\backandforth\backandforth\bin\Release\backandforth.dll
8/13/2018 3:09:21 PM, Info: Creating Archive E:\Crestron\SIMPL#\JSON\backandforth\backandforth\bin\Release\backandforth.clz...
8/13/2018 3:09:21 PM, Info: Saving project information...
8/13/2018 3:14:05 PM, Info: Validating assembly E:\Crestron\SIMPL#\JSON\backandforth\backandforth\bin\Release\backandforth.dll...
8/13/2018 3:14:05 PM, Info: Verifying assembly E:\Crestron\SIMPL#\JSON\backandforth\backandforth\bin\Release\backandforth.dll
8/13/2018 3:14:05 PM, Info: Creating Archive E:\Crestron\SIMPL#\JSON\backandforth\backandforth\bin\Release\backandforth.clz...
8/13/2018 3:14:05 PM, Info: Saving project information...
8/13/2018 3:15:05 PM, Info: Validating assembly E:\Crestron\SIMPL#\JSON\backandforth\backandforth\bin\Release\backandforth.dll...
8/13/2018 3:15:05 PM, Info: Verifying assembly E:\Crestron\SIMPL#\JSON\backandforth\backandforth\bin\Release\backandforth.dll
8/13/2018 3:15:05 PM, Info: Creating Archive E:\Crestron\SIMPL#\JSON\backandforth\backandforth\bin\Release\backandforth.clz...
8/13/2018 3:15:05 PM, Info: Saving project information...
8/13/2018 3:15:45 PM, Info: Validating assembly E:\Crestron\SIMPL#\JSON\backandforth\backandforth\bin\Release\backandforth.dll...
8/13/2018 3:15:45 PM, Info: Verifying assembly E:\Crestron\SIMPL#\JSON\backandforth\backandforth\bin\Release\backandforth.dll
8/13/2018 3:15:45 PM, Info: Creating Archive E:\Crestron\SIMPL#\JSON\backandforth\backandforth\bin\Release\backandforth.clz...
8/13/2018 3:15:45 PM, Info: Saving project information...
8/13/2018 3:17:50 PM, Info: Validating assembly E:\Crestron\SIMPL#\JSON\backandforth\backandforth\bin\Release\backandforth.dll...
8/13/2018 3:17:50 PM, Info: Verifying assembly E:\Crestron\SIMPL#\JSON\backandforth\backandforth\bin\Release\backandforth.dll
8/13/2018 3:17:50 PM, Info: Creating Archive E:\Crestron\SIMPL#\JSON\backandforth\backandforth\bin\Release\backandforth.clz...
8/13/2018 3:17:50 PM, Info: Saving project information...
8/13/2018 3:35:04 PM, Info: Validating assembly E:\Crestron\SIMPL#\JSON\backandforth\backandforth\bin\Release\backandforth.dll...
8/13/2018 3:35:04 PM, Info: Verifying assembly E:\Crestron\SIMPL#\JSON\backandforth\backandforth\bin\Release\backandforth.dll
8/13/2018 3:35:04 PM, Info: Creating Archive E:\Crestron\SIMPL#\JSON\backandforth\backandforth\bin\Release\backandforth.clz...
8/13/2018 3:35:04 PM, Info: Saving project information...
8/13/2018 3:38:11 PM, Info: Validating assembly E:\Crestron\SIMPL#\JSON\backandforth\backandforth\bin\Release\backandforth.dll...
8/13/2018 3:38:11 PM, Info: Verifying assembly E:\Crestron\SIMPL#\JSON\backandforth\backandforth\bin\Release\backandforth.dll
8/13/2018 3:38:11 PM, Info: Creating Archive E:\Crestron\SIMPL#\JSON\backandforth\backandforth\bin\Release\backandforth.clz...
8/13/2018 3:38:12 PM, Info: Saving project information...
8/13/2018 3:40:48 PM, Info: Validating assembly E:\Crestron\SIMPL#\JSON\backandforth\backandforth\bin\Release\backandforth.dll...
8/13/2018 3:40:48 PM, Info: Verifying assembly E:\Crestron\SIMPL#\JSON\backandforth\backandforth\bin\Release\backandforth.dll
8/13/2018 3:40:48 PM, Info: Creating Archive E:\Crestron\SIMPL#\JSON\backandforth\backandforth\bin\Release\backandforth.clz...
8/13/2018 3:40:49 PM, Info: Saving project information...
8/13/2018 3:55:54 PM, Info: Validating assembly E:\Crestron\SIMPL#\JSON\backandforth\backandforth\bin\Release\backandforth.dll...
8/13/2018 3:55:54 PM, Info: Verifying assembly E:\Crestron\SIMPL#\JSON\backandforth\backandforth\bin\Release\backandforth.dll
8/13/2018 3:55:54 PM, Info: Creating Archive E:\Crestron\SIMPL#\JSON\backandforth\backandforth\bin\Release\backandforth.clz...
8/13/2018 3:55:54 PM, Info: Saving project information...
8/13/2018 4:00:30 PM, Info: Validating assembly E:\Crestron\SIMPL#\JSON\backandforth\backandforth\bin\Release\backandforth.dll...
8/13/2018 4:00:30 PM, Info: Verifying assembly E:\Crestron\SIMPL#\JSON\backandforth\backandforth\bin\Release\backandforth.dll
8/13/2018 4:00:30 PM, Info: Creating Archive E:\Crestron\SIMPL#\JSON\backandforth\backandforth\bin\Release\backandforth.clz...
8/13/2018 4:00:31 PM, Info: Saving project information...
8/13/2018 4:01:04 PM, Info: Validating assembly E:\Crestron\SIMPL#\JSON\backandforth\backandforth\bin\Release\backandforth.dll...
8/13/2018 4:01:04 PM, Info: Verifying assembly E:\Crestron\SIMPL#\JSON\backandforth\backandforth\bin\Release\backandforth.dll
8/13/2018 4:01:04 PM, Info: Creating Archive E:\Crestron\SIMPL#\JSON\backandforth\backandforth\bin\Release\backandforth.clz...
8/13/2018 4:01:05 PM, Info: Saving project information...
8/13/2018 4:02:30 PM, Info: Validating assembly E:\Crestron\SIMPL#\JSON\backandforth\backandforth\bin\Release\backandforth.dll...
8/13/2018 4:02:30 PM, Info: Verifying assembly E:\Crestron\SIMPL#\JSON\backandforth\backandforth\bin\Release\backandforth.dll
8/13/2018 4:02:30 PM, Info: Creating Archive E:\Crestron\SIMPL#\JSON\backandforth\backandforth\bin\Release\backandforth.clz...
8/13/2018 4:02:30 PM, Info: Saving project information...
8/13/2018 4:11:33 PM, Info: Validating assembly E:\Crestron\SIMPL#\JSON\backandforth\backandforth\bin\Release\backandforth.dll...
8/13/2018 4:11:33 PM, Info: Verifying assembly E:\Crestron\SIMPL#\JSON\backandforth\backandforth\bin\Release\backandforth.dll
8/13/2018 4:11:33 PM, Info: Creating Archive E:\Crestron\SIMPL#\JSON\backandforth\backandforth\bin\Release\backandforth.clz...
8/13/2018 4:11:33 PM, Info: Saving project information...
8/13/2018 4:16:29 PM, Info: Validating assembly E:\Crestron\SIMPL#\JSON\backandforth\backandforth\bin\Release\backandforth.dll...
8/13/2018 4:16:29 PM, Info: Verifying assembly E:\Crestron\SIMPL#\JSON\backandforth\backandforth\bin\Release\backandforth.dll
8/13/2018 4:16:29 PM, Info: Creating Archive E:\Crestron\SIMPL#\JSON\backandforth\backandforth\bin\Release\backandforth.clz...
8/13/2018 4:16:29 PM, Info: Saving project information...
8/13/2018 4:19:47 PM, Info: Validating assembly E:\Crestron\SIMPL#\JSON\backandforth\backandforth\bin\Release\backandforth.dll...
8/13/2018 4:19:47 PM, Info: Verifying assembly E:\Crestron\SIMPL#\JSON\backandforth\backandforth\bin\Release\backandforth.dll
8/13/2018 4:19:48 PM, Info: Creating Archive E:\Crestron\SIMPL#\JSON\backandforth\backandforth\bin\Release\backandforth.clz...
8/13/2018 4:19:48 PM, Info: Saving project information...
8/13/2018 4:25:37 PM, Info: Validating assembly E:\Crestron\SIMPL#\JSON\backandforth\backandforth\bin\Release\backandforth.dll...
8/13/2018 4:25:37 PM, Info: Verifying assembly E:\Crestron\SIMPL#\JSON\backandforth\backandforth\bin\Release\backandforth.dll
8/13/2018 4:25:38 PM, Info: Creating Archive E:\Crestron\SIMPL#\JSON\backandforth\backandforth\bin\Release\backandforth.clz...
8/13/2018 4:25:38 PM, Info: Saving project information...
8/13/2018 4:29:47 PM, Info: Validating assembly E:\Crestron\SIMPL#\JSON\backandforth\backandforth\bin\Release\backandforth.dll...
8/13/2018 4:29:47 PM, Info: Verifying assembly E:\Crestron\SIMPL#\JSON\backandforth\backandforth\bin\Release\backandforth.dll
8/13/2018 4:29:48 PM, Info: Creating Archive E:\Crestron\SIMPL#\JSON\backandforth\backandforth\bin\Release\backandforth.clz...
8/13/2018 4:29:48 PM, Info: Saving project information...
8/13/2018 4:30:03 PM, Info: Validating assembly E:\Crestron\SIMPL#\JSON\backandforth\backandforth\bin\Release\backandforth.dll...
8/13/2018 4:30:03 PM, Info: Verifying assembly E:\Crestron\SIMPL#\JSON\backandforth\backandforth\bin\Release\backandforth.dll
8/13/2018 4:30:03 PM, Info: Creating Archive E:\Crestron\SIMPL#\JSON\backandforth\backandforth\bin\Release\backandforth.clz...
8/13/2018 4:30:03 PM, Info: Saving project information...
8/13/2018 4:34:27 PM, Info: Validating assembly E:\Crestron\SIMPL#\JSON\backandforth\backandforth\bin\Release\backandforth.dll...
8/13/2018 4:34:27 PM, Info: Verifying assembly E:\Crestron\SIMPL#\JSON\backandforth\backandforth\bin\Release\backandforth.dll
8/13/2018 4:34:27 PM, Info: Creating Archive E:\Crestron\SIMPL#\JSON\backandforth\backandforth\bin\Release\backandforth.clz...
8/13/2018 4:34:27 PM, Info: Saving project information...
8/13/2018 4:39:42 PM, Info: Validating assembly E:\Crestron\SIMPL#\JSON\backandforth\backandforth\bin\Release\backandforth.dll...
8/13/2018 4:39:42 PM, Info: Verifying assembly E:\Crestron\SIMPL#\JSON\backandforth\backandforth\bin\Release\backandforth.dll
8/13/2018 4:39:42 PM, Info: Creating Archive E:\Crestron\SIMPL#\JSON\backandforth\backandforth\bin\Release\backandforth.clz...
8/13/2018 4:39:42 PM, Info: Saving project information...
8/13/2018 4:40:52 PM, Info: Validating assembly E:\Crestron\SIMPL#\JSON\backandforth\backandforth\bin\Release\backandforth.dll...
8/13/2018 4:40:53 PM, Info: Verifying assembly E:\Crestron\SIMPL#\JSON\backandforth\backandforth\bin\Release\backandforth.dll
8/13/2018 4:40:53 PM, Info: Creating Archive E:\Crestron\SIMPL#\JSON\backandforth\backandforth\bin\Release\backandforth.clz...
8/13/2018 4:40:53 PM, Info: Saving project information...
8/13/2018 5:01:02 PM, Info: Validating assembly E:\Crestron\SIMPL#\JSON\backandforth\backandforth\bin\Release\backandforth.dll...
8/13/2018 5:01:02 PM, Info: Verifying assembly E:\Crestron\SIMPL#\JSON\backandforth\backandforth\bin\Release\backandforth.dll
8/13/2018 5:01:02 PM, Info: Creating Archive E:\Crestron\SIMPL#\JSON\backandforth\backandforth\bin\Release\backandforth.clz...
8/13/2018 5:01:02 PM, Info: Saving project information...
8/13/2018 5:15:01 PM, Info: Terminating SIMPLSharp Services
